<?xml version="1.0" encoding="UTF-8"?>
<!-- Generated by org.testng.reporters.JUnitReportReporter -->
<testsuite hostname="Dinesh" failures="0" tests="2" name="seleniumFramework.Tests.SubmitOrderTest" time="11.106" errors="0" timestamp="2024-08-27T23:23:28 IST" skipped="0">
  <testcase classname="seleniumFramework.Tests.SubmitOrderTest" name="submitOrder" time="5.097"/>
  <testcase classname="seleniumFramework.Tests.SubmitOrderTest" name="submitOrder" time="6.009"/>
</testsuite> <!-- seleniumFramework.Tests.SubmitOrderTest -->
