<?xml version="1.0" encoding="UTF-8"?>
<!-- Generated by org.testng.reporters.JUnitReportReporter -->
<testsuite hostname="Dinesh" failures="0" tests="1" name="cucumber.TestNGTestRunner" time="6.279" errors="0" timestamp="2023-06-27T19:27:00 IST" skipped="0">
  <testcase classname="cucumber.TestNGTestRunner" name="runScenario" time="6.279"/>
</testsuite> <!-- cucumber.TestNGTestRunner -->
