<?xml version="1.0" encoding="UTF-8"?>
<!-- Generated by org.testng.reporters.JUnitReportReporter -->
<testsuite hostname="Dinesh" failures="0" tests="3" name="seleniumFramework.Tests.SubmitOrderTest" time="16.243" errors="0" timestamp="2024-08-27T23:39:01 IST" skipped="0">
  <testcase classname="seleniumFramework.Tests.SubmitOrderTest" name="submitOrder" time="6.640"/>
  <testcase classname="seleniumFramework.Tests.SubmitOrderTest" name="submitOrder" time="5.974"/>
  <testcase classname="seleniumFramework.Tests.SubmitOrderTest" name="orderHistoryTest" time="3.629"/>
</testsuite> <!-- seleniumFramework.Tests.SubmitOrderTest -->
