<?xml version="1.0" encoding="UTF-8"?>
<!-- Generated by org.testng.reporters.JUnitReportReporter -->
<testsuite hostname="Dinesh" failures="0" tests="1" name="cucumber.TestNGTestRunner" time="5.581" errors="0" timestamp="07 May 2023 18:57:54 GMT" skipped="0">
  <testcase classname="cucumber.TestNGTestRunner" name="runScenario" time="5.581"/>
</testsuite> <!-- cucumber.TestNGTestRunner -->
